Lab3b_DangerousApp/app/build/outputs/logs/manifest-merger-debug-report.txt
-- Merging decision tree log ---
manifest
ADDED from src\main\AndroidManifest.xml:2:1-45:12
	package
		ADDED from src\main\AndroidManifest.xml:3:5-39
		INJECTED from src\main\AndroidManifest.xml
		INJECTED from src\main\AndroidManifest.xml
	android:versionName
		ADDED from src\main\AndroidManifest.xml:5:5-30
		INJECTED from src\main\AndroidManifest.xml
		INJECTED from src\main\AndroidManifest.xml
	android:versionCode
		ADDED from src\main\AndroidManifest.xml:4:5-28
		INJECTED from src\main\AndroidManifest.xml
		INJECTED from src\main\AndroidManifest.xml
	xmlns:android
		ADDED from src\main\AndroidManifest.xml:2:11-69
uses-sdk
ADDED from src\main\AndroidManifest.xml:7:5-9:41
	android:targetSdkVersion
		ADDED from src\main\AndroidManifest.xml:9:9-38
		INJECTED from src\main\AndroidManifest.xml
		INJECTED from src\main\AndroidManifest.xml
	android:minSdkVersion
		ADDED from src\main\AndroidManifest.xml:8:9-35
		INJECTED from src\main\AndroidManifest.xml
		INJECTED from src\main\AndroidManifest.xml
permission#course.labs.permissions.DANGEROUS_ACTIVITY_PERM
ADDED from src\main\AndroidManifest.xml:17:5-117
	android:protectionLevel
		ADDED from src\main\AndroidManifest.xml:17:80-115
	android:name
		ADDED from src\main\AndroidManifest.xml:17:17-79
application
ADDED from src\main\AndroidManifest.xml:19:5-43:19
	android:label
		ADDED from src\main\AndroidManifest.xml:22:9-41
	android:allowBackup
		ADDED from src\main\AndroidManifest.xml:20:9-35
	android:icon
		ADDED from src\main\AndroidManifest.xml:21:9-45
	android:theme
		ADDED from src\main\AndroidManifest.xml:23:9-40
activity#course.labs.dangerousapp.DangerousActivity
ADDED from src\main\AndroidManifest.xml:26:9-42:20
	android:label
		ADDED from src\main\AndroidManifest.xml:29:13-45
	android:permission
		ADDED from src\main\AndroidManifest.xml:27:13-81
	android:name
		ADDED from src\main\AndroidManifest.xml:28:13-46
intent-filter#android.intent.action.MAIN+android.intent.category.DEFAULT+android.intent.category.LAUNCHER+course.labs.permissions.DANGEROUS_ACTIVITY
ADDED from src\main\AndroidManifest.xml:36:13-41:29
action#android.intent.action.MAIN
ADDED from src\main\AndroidManifest.xml:37:17-69
	android:name
		ADDED from src\main\AndroidManifest.xml:37:25-66
action#course.labs.permissions.DANGEROUS_ACTIVITY
ADDED from src\main\AndroidManifest.xml:38:17-84
	android:name
		ADDED from src\main\AndroidManifest.xml:38:25-82
category#android.intent.category.LAUNCHER
ADDED from src\main\AndroidManifest.xml:39:17-77
	android:name
		ADDED from src\main\AndroidManifest.xml:39:27-74
category#android.intent.category.DEFAULT
ADDED from src\main\AndroidManifest.xml:40:17-75
	android:name
		ADDED from src\main\AndroidManifest.xml:40:27-73